Start testing: Jul 08 16:45 �й���׼ʱ��
----------------------------------------------------------
1/1 Testing: ModelSmokeTest
1/1 Test: ModelSmokeTest
Command: "D:/Sanguosha/build/ModelSmokeTest.exe"
Directory: D:/Sanguosha/build
"ModelSmokeTest" start time: Jul 08 16:45 �й���׼ʱ��
Output:
----------------------------------------------------------
[OK]   CardManager: 总牌数为48
[OK]   CardManager: 初始牌堆为48
[OK]   CardManager: drawCards(5) 取到5张
[OK]   CardManager: 摸5张后剩43张
[OK]   CardManager: 弃牌堆有5张
[OK]   CardManager: 摸空剩余43张
[OK]   CardManager: 牌堆摸空后剩0张
[OK]   CardManager: 牌堆空时摸牌自动回收弃牌堆重洗
[OK]   CardManager: 重洗后弃牌堆清空
[OK]   测试准备: pool 汇总了全部48张牌（含重洗的一张已在tempBatch中）
[OK]   Player: setCharacter后hp/maxHp均为4
[OK]   Player: 满血状态
[OK]   Player: 手牌上限等于当前体力
[OK]   GameState: 玩家数为3
[OK]   GameState: 初始3人均存活
[OK]   赵云-龙胆: 杀可转化为闪
[OK]   赵云-龙胆: 闪可转化为杀
[OK]   曹操-奸雄: 受到伤害事件触发条件成立
[OK]   曹操-奸雄: 无关事件不触发
[OK]   张飞-咆哮: 即使本回合已用杀仍可再次使用
[OK]   KillCard: 出牌阶段、未用过杀时可使用
[OK]   KillCard: 不能指向自己
[OK]   KillCard: 可指向其他存活玩家
[OK]   KillCard: 合法目标为除自己外的2人
[OK]   KillCard::execute 返回 RequiresDodge
[OK]   KillCard::execute 正确串联到 GameRule::executeKill
[OK]   KillCard::execute 标记本回合已用杀
[OK]   接口测试: p2 未闪避，扣1点血
[OK]   PeachCard: 满血时不可使用
[OK]   PeachCard: 受伤后可使用
[OK]   PeachCard: 只能指向自己
[OK]   PeachCard: 不能指向他人
[OK]   PeachCard::execute 返回 Completed
[OK]   接口测试: p2 回复至满血
[OK]   测试准备: 取到一张闪
[OK]   规则: p1 本回合尚未用杀，可以出杀
[OK]   杀: 攻击者标记本回合已用杀
[OK]   杀: 待响应目标为p2
[OK]   闪: 成功闪避不掉血
[OK]   闪: 闪牌从手牌移除
[OK]   闪: 响应后待定动作清空
[OK]   杀(未闪): 扣1点血
[OK]   酒: 攻击者标记酒强化
[OK]   酒+杀(未闪): 扣2点血
[OK]   酒: 使用后强化状态被消耗
[OK]   测试准备: 取到一张桃
[OK]   桃: 回复1点体力
[OK]   测试准备: 取到一张非杀/闪的红牌
[OK]   关羽-武圣: 红牌可当杀响应南蛮入侵
[OK]   奸雄前置: p1 受到1点伤害
[OK]   曹操-奸雄: 受伤后摸1张牌
[OK]   测试准备: 给p2一张牌作为拆桥目标
[OK]   过河拆桥: 目标手牌被弃置
[OK]   过河拆桥: 弃置的牌进入弃牌堆
[OK]   测试准备: 给p3一张牌作为顺手牵羊目标
[OK]   顺手牵羊: 目标手牌被拿走
[OK]   顺手牵羊: 发动者获得该牌
[OK]   无中生有: 摸2张牌
[OK]   桃园结义: p1回复1点(未满则+1)
[OK]   桃园结义: p2回复1点(未满则+1)
[OK]   桃园结义: p3已满血不受影响
[OK]   桃园结义后: p1恢复满血
[OK]   测试准备: 给p2一张杀用于响应南蛮入侵
[OK]   南蛮入侵: 第一个响应目标为p2
[OK]   南蛮入侵: 可跳过标记为true
[OK]   南蛮入侵: p2出杀，不掉血
[OK]   南蛮入侵: 链式推进到p3
[OK]   南蛮入侵: p3未出杀，扣1点血
[OK]   南蛮入侵(回归): 两名目标都已响应后链条正确终止，不会重复询问p2
[OK]   濒死准备: p2降至1点血
[OK]   濒死: 致命伤害后hp为0
[OK]   濒死: 玩家被标记为濒死
[OK]   濒死(回归): 致命伤害后应自动进入待救援状态
[OK]   濒死: 待定动作要求桃
[OK]   濒死: 待定动作目标为濒死玩家
[OK]   濒死(回归): 待定动作应记录当前询问的救援者
[OK]   测试准备: 取到一张桃用于救援
[OK]   濒死: handleDyingPeach 返回救援成功
[OK]   濒死: 被救玩家回复到1点血
[OK]   濒死: 被救玩家不再处于濒死状态
[OK]   濒死: 救援后待定动作清空
[OK]   濒死链准备: p2再次降至0点血
[OK]   濒死链: 再次进入待救援状态
[OK]   濒死链: 记录了首位被询问的救援者
[OK]   濒死链(回归): 第一人跳过后应询问下一位，而非直接判定死亡
[OK]   濒死链(回归): 跳过后询问的是不同的下一位玩家
[OK]   濒死链: 所有人跳过后玩家死亡
[OK]   濒死链: 死亡后不再是濒死状态
[OK]   濒死链: 死亡判定后待定动作清空
[OK]   濒死链: 仍有2人存活，游戏未结束
[OK]   终局准备: p3降至0点血
[OK]   终局准备: p3进入待救援状态
[OK]   终局: 唯一的救援者跳过后p3死亡
[OK]   终局: 仅剩1人存活，游戏结束
[OK]   终局: 获胜者为p1

============================
总检查项: 95，失败: 0
============================
<end of output>
Test time =   0.10 sec
----------------------------------------------------------
Test Passed.
"ModelSmokeTest" end time: Jul 08 16:45 �й���׼ʱ��
"ModelSmokeTest" time elapsed: 00:00:00
----------------------------------------------------------

End testing: Jul 08 16:45 �й���׼ʱ��
